<?xml version="1.0" encoding="UTF-8"?>
<testsuite xmlns:xsi="http://www.w3.org/2001/XMLSchema-instance" xsi:noNamespaceSchemaLocation="https://maven.apache.org/surefire/maven-surefire-plugin/xsd/surefire-test-report-3.0.xsd" version="3.0" name="med.guimero.api.domain.doctor.DoctorRepositoryTest" time="1.205" tests="2" errors="0" skipped="0" failures="0">
  <properties>
[...]
</properties>
  <testcase name="chooseDoctorBySpecialtyAndDateScenario1" classname="med.guimero.api.domain.doctor.DoctorRepositoryTest" time="0.336">
    <system-out><![CDATA[2023-08-29T11:01:18.477-03:00  INFO 9316 --- [           main] t.c.s.AnnotationConfigContextLoaderUtils : Could not detect default configuration classes for test class [med.guimero.api.domain.doctor.DoctorRepositoryTest]: DoctorRepositoryTest does not declare any static, non-private, non-final, nested classes annotated with @Configuration.
2023-08-29T11:01:18.518-03:00  INFO 9316 --- [           main] .b.t.c.SpringBootTestContextBootstrapper : Found @SpringBootConfiguration med.guimero.api.ApiApplication for test class med.guimero.api.domain.doctor.DoctorRepositoryTest

  .   ____          _            __ _ _
 /\\ / ___'_ __ _ _(_)_ __  __ _ \ \ \ \
( ( )\___ | '_ | '_| | '_ \/ _` | \ \ \ \
 \\/  ___)| |_)| | | | | || (_| |  ) ) ) )
  '  |____| .__|_| |_|_| |_\__, | / / / /
 =========|_|==============|___/=/_/_/_/
 :: Spring Boot ::                (v3.1.2)

2023-08-29T11:01:18.573-03:00  INFO 9316 --- [           main] m.g.a.d.doctor.DoctorRepositoryTest      : Starting DoctorRepositoryTest using Java 19.0.2 with PID 9316 (started by Guille in C:\Users\Guille\Desktop\LetsCode\Showing off\med.guimero.api - copia)
2023-08-29T11:01:18.574-03:00  INFO 9316 --- [           main] m.g.a.d.doctor.DoctorRepositoryTest      : The following 1 profile is active: "test"
2023-08-29T11:01:18.783-03:00  INFO 9316 --- [           main] .s.d.r.c.RepositoryConfigurationDelegate : Bootstrapping Spring Data JPA repositories in DEFAULT mode.
2023-08-29T11:01:18.821-03:00  INFO 9316 --- [           main] .s.d.r.c.RepositoryConfigurationDelegate : Finished Spring Data repository scanning in 37 ms. Found 4 JPA repository interfaces.
2023-08-29T11:01:18.893-03:00  INFO 9316 --- [           main] o.hibernate.jpa.internal.util.LogHelper  : HHH000204: Processing PersistenceUnitInfo [name: default]
2023-08-29T11:01:18.913-03:00  INFO 9316 --- [           main] o.h.b.i.BytecodeProviderInitiator        : HHH000021: Bytecode provider name : bytebuddy
2023-08-29T11:01:18.914-03:00  INFO 9316 --- [           main] o.s.o.j.p.SpringPersistenceUnitInfo      : No LoadTimeWeaver setup: ignoring JPA class transformer
2023-08-29T11:01:18.916-03:00  INFO 9316 --- [           main] com.zaxxer.hikari.HikariDataSource       : HikariPool-3 - Starting...
2023-08-29T11:01:18.937-03:00  INFO 9316 --- [           main] com.zaxxer.hikari.pool.HikariPool        : HikariPool-3 - Added connection com.mysql.cj.jdbc.ConnectionImpl@70d7282a
2023-08-29T11:01:18.938-03:00  INFO 9316 --- [           main] com.zaxxer.hikari.HikariDataSource       : HikariPool-3 - Start completed.
2023-08-29T11:01:18.940-03:00 DEBUG 9316 --- [           main] o.h.t.d.sql.spi.DdlTypeRegistry          : addDescriptor(12, org.hibernate.type.descriptor.sql.internal.CapacityDependentDdlType@4f6f69ef) replaced previous registration(org.hibernate.type.descriptor.sql.internal.CapacityDependentDdlType@95504a0)
2023-08-29T11:01:18.941-03:00 DEBUG 9316 --- [           main] o.h.t.d.sql.spi.DdlTypeRegistry          : addDescriptor(-9, org.hibernate.type.descriptor.sql.internal.CapacityDependentDdlType@68d07b48) replaced previous registration(org.hibernate.type.descriptor.sql.internal.CapacityDependentDdlType@2d980ff2)
2023-08-29T11:01:18.941-03:00 DEBUG 9316 --- [           main] o.h.t.d.sql.spi.DdlTypeRegistry          : addDescriptor(-3, org.hibernate.type.descriptor.sql.internal.CapacityDependentDdlType@190c2bbf) replaced previous registration(org.hibernate.type.descriptor.sql.internal.CapacityDependentDdlType@38dd5c3a)
2023-08-29T11:01:18.941-03:00 DEBUG 9316 --- [           main] o.h.t.d.sql.spi.DdlTypeRegistry          : addDescriptor(4003, org.hibernate.type.descriptor.sql.internal.DdlTypeImpl@533c7a52) replaced previous registration(org.hibernate.type.descriptor.sql.internal.DdlTypeImpl@3eb60858)
2023-08-29T11:01:18.941-03:00 DEBUG 9316 --- [           main] o.h.t.d.sql.spi.DdlTypeRegistry          : addDescriptor(4001, org.hibernate.type.descriptor.sql.internal.DdlTypeImpl@469f8de2) replaced previous registration(org.hibernate.type.descriptor.sql.internal.DdlTypeImpl@14f13587)
2023-08-29T11:01:18.941-03:00 DEBUG 9316 --- [           main] o.h.t.d.sql.spi.DdlTypeRegistry          : addDescriptor(4002, org.hibernate.type.descriptor.sql.internal.DdlTypeImpl@24af33a1) replaced previous registration(org.hibernate.type.descriptor.sql.internal.DdlTypeImpl@2ad51ba4)
2023-08-29T11:01:18.941-03:00 DEBUG 9316 --- [           main] o.h.t.d.sql.spi.DdlTypeRegistry          : addDescriptor(2004, org.hibernate.type.descriptor.sql.internal.CapacityDependentDdlType@109f7381) replaced previous registration(org.hibernate.type.descriptor.sql.internal.DdlTypeImpl@d5f3118)
2023-08-29T11:01:18.941-03:00 DEBUG 9316 --- [           main] o.h.t.d.sql.spi.DdlTypeRegistry          : addDescriptor(2005, org.hibernate.type.descriptor.sql.internal.CapacityDependentDdlType@50b03929) replaced previous registration(org.hibernate.type.descriptor.sql.internal.DdlTypeImpl@523a10a0)
2023-08-29T11:01:18.942-03:00 DEBUG 9316 --- [           main] o.h.t.d.sql.spi.DdlTypeRegistry          : addDescriptor(2011, org.hibernate.type.descriptor.sql.internal.CapacityDependentDdlType@3952621d) replaced previous registration(org.hibernate.type.descriptor.sql.internal.DdlTypeImpl@4d7143de)
2023-08-29T11:01:18.967-03:00  INFO 9316 --- [           main] o.h.b.i.BytecodeProviderInitiator        : HHH000021: Bytecode provider name : bytebuddy
2023-08-29T11:01:19.067-03:00  INFO 9316 --- [           main] o.h.e.t.j.p.i.JtaPlatformInitiator       : HHH000490: Using JtaPlatform implementation: [org.hibernate.engine.transaction.jta.platform.internal.NoJtaPlatform]
2023-08-29T11:01:19.090-03:00 DEBUG 9316 --- [           main] org.hibernate.SQL                        : 
    alter table appointments 
       modify column date  datetime(6)
Hibernate: 
    alter table appointments 
       modify column date  datetime(6)
2023-08-29T11:01:19.105-03:00 DEBUG 9316 --- [           main] org.hibernate.SQL                        : 
    alter table appointments 
       modify column specialty  enum ('CARDIOLOGIA','ORL','PEDIATRIA','TRAUMATOLOGIA')
Hibernate: 
    alter table appointments 
       modify column specialty  enum ('CARDIOLOGIA','ORL','PEDIATRIA','TRAUMATOLOGIA')
2023-08-29T11:01:19.123-03:00 DEBUG 9316 --- [           main] org.hibernate.SQL                        : 
    alter table doctors 
       modify column specialty  enum ('CARDIOLOGIA','ORL','PEDIATRIA','TRAUMATOLOGIA')
Hibernate: 
    alter table doctors 
       modify column specialty  enum ('CARDIOLOGIA','ORL','PEDIATRIA','TRAUMATOLOGIA')
2023-08-29T11:01:19.159-03:00  INFO 9316 --- [           main] j.LocalContainerEntityManagerFactoryBean : Initialized JPA EntityManagerFactory for persistence unit 'default'
2023-08-29T11:01:19.305-03:00  INFO 9316 --- [           main] m.g.a.d.doctor.DoctorRepositoryTest      : Started DoctorRepositoryTest in 0.781 seconds (process running for 12.831)
2023-08-29T11:01:19.392-03:00 DEBUG 9316 --- [           main] org.hibernate.SQL                        : 
    insert 
    into
        patients
        (active,city,complement,district,number,street,birthdate,dni,email,name,phone) 
    values
        (?,?,?,?,?,?,?,?,?,?,?)
Hibernate: 
    insert 
    into
        patients
        (active,city,complement,district,number,street,birthdate,dni,email,name,phone) 
    values
        (?,?,?,?,?,?,?,?,?,?,?)
2023-08-29T11:01:19.425-03:00 DEBUG 9316 --- [           main] org.hibernate.SQL                        : 
    insert 
    into
        doctors
        (active,city,complement,district,number,street,email,license,name,phone,specialty) 
    values
        (?,?,?,?,?,?,?,?,?,?,?)
Hibernate: 
    insert 
    into
        doctors
        (active,city,complement,district,number,street,email,license,name,phone,specialty) 
    values
        (?,?,?,?,?,?,?,?,?,?,?)
2023-08-29T11:01:19.428-03:00 DEBUG 9316 --- [           main] org.hibernate.SQL                        : 
    insert 
    into
        appointments
        (date,doctor_id,patient_id,specialty) 
    values
        (?,?,?,?)
Hibernate: 
    insert 
    into
        appointments
        (date,doctor_id,patient_id,specialty) 
    values
        (?,?,?,?)
2023-08-29T11:01:19.633-03:00 DEBUG 9316 --- [           main] org.hibernate.SQL                        : 
    select
        d1_0.id,
        d1_0.active,
        d1_0.city,
        d1_0.complement,
        d1_0.district,
        d1_0.number,
        d1_0.street,
        d1_0.email,
        d1_0.license,
        d1_0.name,
        d1_0.phone,
        d1_0.specialty 
    from
        doctors d1_0 
    where
        d1_0.active=1 
        and d1_0.specialty=? 
        and d1_0.id not in(select
            a1_0.doctor_id 
        from
            appointments a1_0 
        where
            a1_0.date=?) 
    order by
        rand() limit 1
Hibernate: 
    select
        d1_0.id,
        d1_0.active,
        d1_0.city,
        d1_0.complement,
        d1_0.district,
        d1_0.number,
        d1_0.street,
        d1_0.email,
        d1_0.license,
        d1_0.name,
        d1_0.phone,
        d1_0.specialty 
    from
        doctors d1_0 
    where
        d1_0.active=1 
        and d1_0.specialty=? 
        and d1_0.id not in(select
            a1_0.doctor_id 
        from
            appointments a1_0 
        where
            a1_0.date=?) 
    order by
        rand() limit 1
]]></system-out>
  </testcase>
  <testcase name="chooseDoctorBySpecialtyAndDateScenario2" classname="med.guimero.api.domain.doctor.DoctorRepositoryTest" time="0.028">
    <system-out><![CDATA[2023-08-29T11:01:19.654-03:00 DEBUG 9316 --- [           main] org.hibernate.SQL                        : 
    insert 
    into
        doctors
        (active,city,complement,district,number,street,email,license,name,phone,specialty) 
    values
        (?,?,?,?,?,?,?,?,?,?,?)
Hibernate: 
    insert 
    into
        doctors
        (active,city,complement,district,number,street,email,license,name,phone,specialty) 
    values
        (?,?,?,?,?,?,?,?,?,?,?)
2023-08-29T11:01:19.659-03:00 DEBUG 9316 --- [           main] org.hibernate.SQL                        : 
    select
        d1_0.id,
        d1_0.active,
        d1_0.city,
        d1_0.complement,
        d1_0.district,
        d1_0.number,
        d1_0.street,
        d1_0.email,
        d1_0.license,
        d1_0.name,
        d1_0.phone,
        d1_0.specialty 
    from
        doctors d1_0 
    where
        d1_0.active=1 
        and d1_0.specialty=? 
        and d1_0.id not in(select
            a1_0.doctor_id 
        from
            appointments a1_0 
        where
            a1_0.date=?) 
    order by
        rand() limit 1
Hibernate: 
    select
        d1_0.id,
        d1_0.active,
        d1_0.city,
        d1_0.complement,
        d1_0.district,
        d1_0.number,
        d1_0.street,
        d1_0.email,
        d1_0.license,
        d1_0.name,
        d1_0.phone,
        d1_0.specialty 
    from
        doctors d1_0 
    where
        d1_0.active=1 
        and d1_0.specialty=? 
        and d1_0.id not in(select
            a1_0.doctor_id 
        from
            appointments a1_0 
        where
            a1_0.date=?) 
    order by
        rand() limit 1
]]></system-out>
  </testcase>
</testsuite>